#
# There is insufficient memory for the Java Runtime Environment to continue.
# Native memory allocation (malloc) failed to allocate 1048576 bytes for AllocateHeap
# Possible reasons:
#   The system is out of physical RAM or swap space
#   The process is running with CompressedOops enabled, and the Java Heap may be blocking the growth of the native heap
# Possible solutions:
#   Reduce memory load on the system
#   Increase physical memory or swap space
#   Check if swap backing store is full
#   Decrease Java heap size (-Xmx/-Xms)
#   Decrease number of Java threads
#   Decrease Java thread stack sizes (-Xss)
#   Set larger code cache with -XX:ReservedCodeCacheSize=
#   JVM is running with Unscaled Compressed Oops mode in which the Java heap is
#     placed in the first 4GB address space. The Java Heap base address is the
#     maximum limit for the native heap growth. Please use -XX:HeapBaseMinAddress
#     to set the Java Heap base and to place the Java Heap above 4GB virtual address.
# This output file may be truncated or incomplete.
#
#  Out of Memory Error (memory/allocation.inline.hpp:61), pid=1900, tid=0x0000000000003480
#
# JRE version:  (8.0_201-b09) (build )
# Java VM: Java HotSpot(TM) 64-Bit Server VM (25.201-b09 mixed mode windows-amd64 compressed oops)
# Failed to write core dump. Minidumps are not enabled by default on client versions of Windows
#

---------------  T H R E A D  ---------------

Current thread (0x00000000031b2800):  JavaThread "Unknown thread" [_thread_in_vm, id=13440, stack(0x00000000030b0000,0x00000000031b0000)]

Stack: [0x00000000030b0000,0x00000000031b0000]
[error occurred during error reporting (printing stack bounds), id 0xc0000005]

Native frames: (J=compiled Java code, j=interpreted, Vv=VM code, C=native code)


---------------  P R O C E S S  ---------------

Java Threads: ( => current thread )

Other Threads:

=>0x00000000031b2800 (exited) JavaThread "Unknown thread" [_thread_in_vm, id=13440, stack(0x00000000030b0000,0x00000000031b0000)]

VM state:not at safepoint (normal execution)

VM Mutex/Monitor currently owned by a thread: None

heap address: 0x000000008a600000, size: 1882 MB, Compressed Oops mode: 32-bit
Narrow klass base: 0x0000000000000000, Narrow klass shift: 3
Compressed class space size: 1073741824 Address: 0x0000000100000000

Heap:
 PSYoungGen      total 35328K, used 614K [0x00000000d8d00000, 0x00000000db400000, 0x0000000100000000)
  eden space 30720K, 2% used [0x00000000d8d00000,0x00000000d8d999a8,0x00000000dab00000)
  from space 4608K, 0% used [0x00000000daf80000,0x00000000daf80000,0x00000000db400000)
  to   space 4608K, 0% used [0x00000000dab00000,0x00000000dab00000,0x00000000daf80000)
 ParOldGen       total 80896K, used 0K [0x000000008a600000, 0x000000008f500000, 0x00000000d8d00000)
  object space 80896K, 0% used [0x000000008a600000,0x000000008a600000,0x000000008f500000)
 Metaspace       used 751K, capacity 4480K, committed 4480K, reserved 1056768K
  class space    used 76K, capacity 384K, committed 384K, reserved 1048576K

Card table byte_map: [0x0000000012670000,0x0000000012a20000] byte_map_base: 0x000000001221d000

Marking Bits: (ParMarkBitMap*) 0x0000000076bf4ce0
 Begin Bits: [0x00000000136a0000, 0x0000000015408000)
 End Bits:   [0x0000000015408000, 0x0000000017170000)

Polling page: 0x0000000001730000

CodeCache: size=245760Kb used=327Kb max_used=327Kb free=245432Kb
 bounds [0x00000000032b0000, 0x0000000003520000, 0x00000000122b0000]
 total_blobs=57 nmethods=0 adapters=38
 compilation: enabled

Compilation events (0 events):
No events

GC Heap History (0 events):
No events

Deoptimization events (0 events):
No events

Classes redefined (0 events):
No events

Internal exceptions (0 events):
No events

Events (10 events):
Event: 0.015 loading class java/lang/Short
Event: 0.015 loading class java/lang/Short done
Event: 0.015 loading class java/lang/Integer
Event: 0.015 loading class java/lang/Integer done
Event: 0.015 loading class java/lang/Long
Event: 0.015 loading class java/lang/Long done
Event: 0.015 loading class java/lang/NullPointerException
Event: 0.015 loading class java/lang/NullPointerException done
Event: 0.015 loading class java/lang/ArithmeticException
Event: 0.016 loading class java/lang/ArithmeticException done


Dynamic libraries:
0x00007ff658840000 - 0x00007ff658877000 	C:\Program Files\Java\jre1.8.0_201\bin\javaw.exe
0x00007ff937ab0000 - 0x00007ff937cc7000 	C:\WINDOWS\SYSTEM32\ntdll.dll
0x00007ff9363d0000 - 0x00007ff936494000 	C:\WINDOWS\System32\KERNEL32.DLL
0x00007ff9350d0000 - 0x00007ff935476000 	C:\WINDOWS\System32\KERNELBASE.dll
0x00007ff936660000 - 0x00007ff936711000 	C:\WINDOWS\System32\ADVAPI32.dll
0x00007ff936270000 - 0x00007ff936317000 	C:\WINDOWS\System32\msvcrt.dll
0x00007ff936320000 - 0x00007ff9363c5000 	C:\WINDOWS\System32\sechost.dll
0x00007ff9364a0000 - 0x00007ff9365b7000 	C:\WINDOWS\System32\RPCRT4.dll
0x00007ff9377d0000 - 0x00007ff93797e000 	C:\WINDOWS\System32\USER32.dll
0x00007ff9350a0000 - 0x00007ff9350c6000 	C:\WINDOWS\System32\win32u.dll
0x00007ff937a40000 - 0x00007ff937a69000 	C:\WINDOWS\System32\GDI32.dll
0x00007ff9355f0000 - 0x00007ff935708000 	C:\WINDOWS\System32\gdi32full.dll
0x00007ff935000000 - 0x00007ff93509a000 	C:\WINDOWS\System32\msvcp_win.dll
0x00007ff934e20000 - 0x00007ff934f31000 	C:\WINDOWS\System32\ucrtbase.dll
0x00007ff9158f0000 - 0x00007ff915b83000 	C:\WINDOWS\WinSxS\amd64_microsoft.windows.common-controls_6595b64144ccf1df_6.0.22621.2506_none_270c5ae97388e100\COMCTL32.dll
0x00007ff936ae0000 - 0x00007ff936b11000 	C:\WINDOWS\System32\IMM32.DLL
0x0000000077f20000 - 0x0000000077ff1000 	C:\Program Files\Java\jre1.8.0_201\bin\msvcr100.dll
0x00000000763d0000 - 0x0000000076c74000 	C:\Program Files\Java\jre1.8.0_201\bin\server\jvm.dll
0x00007ff9377c0000 - 0x00007ff9377c8000 	C:\WINDOWS\System32\PSAPI.DLL
0x00007ff92dcb0000 - 0x00007ff92dce4000 	C:\WINDOWS\SYSTEM32\WINMM.dll
0x00007ff92d750000 - 0x00007ff92d75a000 	C:\WINDOWS\SYSTEM32\VERSION.dll
0x00007ff9307c0000 - 0x00007ff9307c9000 	C:\WINDOWS\SYSTEM32\WSOCK32.dll
0x00007ff936960000 - 0x00007ff9369d1000 	C:\WINDOWS\System32\WS2_32.dll
0x00007ff9307a0000 - 0x00007ff9307af000 	C:\Program Files\Java\jre1.8.0_201\bin\verify.dll
0x00007ff926c50000 - 0x00007ff926c79000 	C:\Program Files\Java\jre1.8.0_201\bin\java.dll
0x00007ff92f0a0000 - 0x00007ff92f0b6000 	C:\Program Files\Java\jre1.8.0_201\bin\zip.dll

VM Arguments:
jvm_args: -Dfile.encoding=Cp1252 
java_command: org.jspiders.worker.ctrl.workerCtrl
java_class_path (initial): C:\Users\Harry\OneDrive\Desktop\Hibern\Worker\target\classes;C:\Users\Harry\.m2\repository\mysql\mysql-connector-java\8.0.28\mysql-connector-java-8.0.28.jar;C:\Users\Harry\.m2\repository\com\google\protobuf\protobuf-java\3.11.4\protobuf-java-3.11.4.jar;C:\Users\Harry\.m2\repository\org\hibernate\hibernate-core\5.6.15.Final\hibernate-core-5.6.15.Final.jar;C:\Users\Harry\.m2\repository\org\jboss\logging\jboss-logging\3.4.3.Final\jboss-logging-3.4.3.Final.jar;C:\Users\Harry\.m2\repository\javax\persistence\javax.persistence-api\2.2\javax.persistence-api-2.2.jar;C:\Users\Harry\.m2\repository\net\bytebuddy\byte-buddy\1.12.18\byte-buddy-1.12.18.jar;C:\Users\Harry\.m2\repository\antlr\antlr\2.7.7\antlr-2.7.7.jar;C:\Users\Harry\.m2\repository\org\jboss\spec\javax\transaction\jboss-transaction-api_1.2_spec\1.1.1.Final\jboss-transaction-api_1.2_spec-1.1.1.Final.jar;C:\Users\Harry\.m2\repository\org\jboss\jandex\2.4.2.Final\jandex-2.4.2.Final.jar;C:\Users\Harry\.m2\repository\com\fasterxml\classmate\1.5.1\classmate-1.5.1.jar;C:\Users\Harry\.m2\repository\javax\activation\javax.activation-api\1.2.0\javax.activation-api-1.2.0.jar;C:\Users\Harry\.m2\repository\org\hibernate\common\hibernate-commons-annotations\5.1.2.Final\hibernate-commons-annotations-5.1.2.Final.jar;C:\Users\Harry\.m2\repository\javax\xml\bind\jaxb-api\2.3.1\jaxb-api-2.3.1.jar;C:\Users\Harry\.m2\repository\org\glassfish\jaxb\jaxb-runtime\2.3.1\jaxb-runtime-2.3.1.jar;C:\Users\Harry\.m2\repository\org\glassfish\jaxb\txw2\2.3.1\txw2-2.3.1.jar;C:\Users\Harry\.m2\repository\com\sun\istack\istack-commons-runtime\3.0.7\istack-commons-runtime-3.0.7.jar;C:\Users\Harry\.m2\repository\org\jvnet\staxex\stax-ex\1.8\stax-ex-1.8.jar;C:\Users\Harry\.m2\repository\com\sun\xml\fastinfoset\FastInfoset\1.2.15\FastInfoset-1.2.15.jar
Launcher Type: SUN_STANDARD

Environment Variables:
PATH=C:/Program Files/Java/jre1.8.0_201/bin/server;C:/Program Files/Java/jre1.8.0_201/bin;C:/Program Files/Java/jre1.8.0_201/lib/amd64;C:\oracle\product\10.2.0\db_2\bin;C:\oracle\product\10.2.0\db_1\bin;C:\Python311\Scripts\;C:\Python311\;C:\Program Files (x86)\Common Files\Oracle\Java\javapath;C:\WINDOWS\system32;C:\WINDOWS;C:\WINDOWS\System32\Wbem;C:\WINDOWS\System32\WindowsPowerShell\v1.0\;C:\WINDOWS\System32\OpenSSH\;C:\Program Files\nodejs\;C:\ProgramData\chocolatey\bin;C:\Program Files\Java\jdk1.8.0_201\bin;C:\Program Files\dotnet\;C:\Program Files\MySQL\MySQL Shell 8.0\bin\;C:\Users\Harry\AppData\Local\Microsoft\WindowsApps;C:\Users\Harry\AppData\Roaming\npm;C:\Users\Harry\AppData\Local\Programs\Microsoft VS Code\bin;;D:\Study Softwares\ECLIPSE;
USERNAME=Harry
OS=Windows_NT
PROCESSOR_IDENTIFIER=AMD64 Family 25 Model 80 Stepping 0, AuthenticAMD



---------------  S Y S T E M  ---------------

OS: Windows 10.0 , 64 bit Build 22621 (10.0.22621.2506)

CPU:total 12 (initial active 12) (12 cores per cpu, 1 threads per core) family 25 model 80 stepping 0, cmov, cx8, fxsr, mmx, sse, sse2, sse3, ssse3, sse4.1, sse4.2, popcnt, avx, avx2, aes, clmul, erms, mmxext, 3dnowpref, lzcnt, sse4a, tsc, tscinvbit, tscinv, bmi1

Memory: 4k page, physical 7702372k(440236k free), swap 31819620k(5504k free)

vm_info: Java HotSpot(TM) 64-Bit Server VM (25.201-b09) for windows-amd64 JRE (1.8.0_201-b09), built on Dec 15 2018 18:36:39 by "java_re" with MS VC++ 10.0 (VS2010)

time: Sun Dec 10 07:13:04 2023
timezone: India Standard Time
elapsed time: 0 seconds (0d 0h 0m 0s)

