#
# There is insufficient memory for the Java Runtime Environment to continue.
# Native memory allocation (malloc) failed to allocate 940704 bytes for Chunk::new
# Possible reasons:
#   The system is out of physical RAM or swap space
#   The process is running with CompressedOops enabled, and the Java Heap may be blocking the growth of the native heap
# Possible solutions:
#   Reduce memory load on the system
#   Increase physical memory or swap space
#   Check if swap backing store is full
#   Decrease Java heap size (-Xmx/-Xms)
#   Decrease number of Java threads
#   Decrease Java thread stack sizes (-Xss)
#   Set larger code cache with -XX:ReservedCodeCacheSize=
#   JVM is running with Unscaled Compressed Oops mode in which the Java heap is
#     placed in the first 4GB address space. The Java Heap base address is the
#     maximum limit for the native heap growth. Please use -XX:HeapBaseMinAddress
#     to set the Java Heap base and to place the Java Heap above 4GB virtual address.
# This output file may be truncated or incomplete.
#
#  Out of Memory Error (allocation.cpp:390), pid=16188, tid=0x0000000000004078
#
# JRE version: Java(TM) SE Runtime Environment (8.0_201-b09) (build 1.8.0_201-b09)
# Java VM: Java HotSpot(TM) 64-Bit Server VM (25.201-b09 mixed mode windows-amd64 compressed oops)
# Failed to write core dump. Minidumps are not enabled by default on client versions of Windows
#

---------------  T H R E A D  ---------------

Current thread (0x0000000018b09800):  JavaThread "C2 CompilerThread1" daemon [_thread_in_native, id=16504, stack(0x000000001a260000,0x000000001a360000)]

Stack: [0x000000001a260000,0x000000001a360000]
[error occurred during error reporting (printing stack bounds), id 0xc0000005]

Native frames: (J=compiled Java code, j=interpreted, Vv=VM code, C=native code)


Current CompileTask:
C2:   1607 1673       4       java.net.URLClassLoader$1::run (5 bytes)


---------------  P R O C E S S  ---------------

Java Threads: ( => current thread )
  0x000000001bac7000 JavaThread "Hibernate Connection Pool Validation Thread" daemon [_thread_blocked, id=15884, stack(0x000000001cf70000,0x000000001d070000)]
  0x000000001aea3800 JavaThread "mysql-cj-abandoned-connection-cleanup" daemon [_thread_blocked, id=11208, stack(0x000000001ca70000,0x000000001cb70000)]
  0x0000000018b9b000 JavaThread "Service Thread" daemon [_thread_blocked, id=14268, stack(0x000000001a560000,0x000000001a660000)]
  0x0000000018b0e000 JavaThread "C1 CompilerThread3" daemon [_thread_blocked, id=17788, stack(0x000000001a460000,0x000000001a560000)]
  0x0000000018b0c800 JavaThread "C2 CompilerThread2" daemon [_thread_blocked, id=22292, stack(0x000000001a360000,0x000000001a460000)]
=>0x0000000018b09800 JavaThread "C2 CompilerThread1" daemon [_thread_in_native, id=16504, stack(0x000000001a260000,0x000000001a360000)]
  0x0000000018b02800 JavaThread "C2 CompilerThread0" daemon [_thread_blocked, id=17776, stack(0x000000001a160000,0x000000001a260000)]
  0x0000000018aff800 JavaThread "Attach Listener" daemon [_thread_blocked, id=11412, stack(0x000000001a060000,0x000000001a160000)]
  0x000000001740e800 JavaThread "Signal Dispatcher" daemon [_thread_blocked, id=14272, stack(0x0000000019f60000,0x000000001a060000)]
  0x0000000018af3000 JavaThread "Finalizer" daemon [_thread_blocked, id=1148, stack(0x0000000019d60000,0x0000000019e60000)]
  0x000000000279a000 JavaThread "Reference Handler" daemon [_thread_blocked, id=11364, stack(0x0000000019c60000,0x0000000019d60000)]
  0x00000000026a2800 JavaThread "main" [_thread_in_vm, id=20280, stack(0x0000000002540000,0x0000000002640000)]

Other Threads:
  0x0000000018ad2800 VMThread [stack: 0x0000000019b60000,0x0000000019c60000] [id=9320]
  0x0000000018b9f800 WatcherThread [stack: 0x000000001a660000,0x000000001a760000] [id=11760]

VM state:not at safepoint (normal execution)

VM Mutex/Monitor currently owned by a thread: None

heap address: 0x000000008a600000, size: 1882 MB, Compressed Oops mode: 32-bit
Narrow klass base: 0x0000000000000000, Narrow klass shift: 3
Compressed class space size: 1073741824 Address: 0x0000000100000000

Heap:
 PSYoungGen      total 66048K, used 46006K [0x00000000d8d00000, 0x00000000dd200000, 0x0000000100000000)
  eden space 61440K, 74% used [0x00000000d8d00000,0x00000000db9ed808,0x00000000dc900000)
  from space 4608K, 0% used [0x00000000dcd80000,0x00000000dcd80000,0x00000000dd200000)
  to   space 4608K, 0% used [0x00000000dc900000,0x00000000dc900000,0x00000000dcd80000)
 ParOldGen       total 57856K, used 6192K [0x000000008a600000, 0x000000008de80000, 0x00000000d8d00000)
  object space 57856K, 10% used [0x000000008a600000,0x000000008ac0c3e8,0x000000008de80000)
 Metaspace       used 28985K, capacity 29498K, committed 29824K, reserved 1075200K
  class space    used 3989K, capacity 4108K, committed 4224K, reserved 1048576K

Card table byte_map: [0x0000000011b60000,0x0000000011f10000] byte_map_base: 0x000000001170d000

Marking Bits: (ParMarkBitMap*) 0x0000000076bf4ce0
 Begin Bits: [0x0000000012b90000, 0x00000000148f8000)
 End Bits:   [0x00000000148f8000, 0x0000000016660000)

Polling page: 0x0000000000cc0000

CodeCache: size=245760Kb used=5870Kb max_used=5879Kb free=239889Kb
 bounds [0x00000000027a0000, 0x0000000002d70000, 0x00000000117a0000]
 total_blobs=2300 nmethods=1803 adapters=410
 compilation: enabled

Compilation events (10 events):
Event: 1.584 Thread 0x0000000018b0e000 1799       3       java.util.Hashtable::rehash (142 bytes)
Event: 1.584 Thread 0x0000000018b0e000 nmethod 1799 0x0000000002d5ebd0 code [0x0000000002d5eda0, 0x0000000002d5f3e8]
Event: 1.586 Thread 0x0000000018b0e000 1801       3       java.util.Arrays::copyOfRange (95 bytes)
Event: 1.586 Thread 0x0000000018b0c800 1802       4       jdk.internal.org.objectweb.asm.Item::<init> (66 bytes)
Event: 1.586 Thread 0x0000000018b0e000 nmethod 1801 0x0000000002d5d450 code [0x0000000002d5d6a0, 0x0000000002d5e578]
Event: 1.586 Thread 0x0000000018b0e000 1804       3       java.lang.invoke.LambdaForm$BasicType::basicTypeChar (8 bytes)
Event: 1.586 Thread 0x0000000018b0e000 nmethod 1804 0x0000000002d5ccd0 code [0x0000000002d5ce60, 0x0000000002d5d268]
Event: 1.586 Thread 0x0000000018b0c800 nmethod 1802 0x0000000002d5ca50 code [0x0000000002d5cb80, 0x0000000002d5cc38]
Event: 1.586 Thread 0x0000000018b0e000 1803       3       java.lang.invoke.MemberName::<init> (47 bytes)
Event: 1.587 Thread 0x0000000018b0e000 nmethod 1803 0x0000000002d61f90 code [0x0000000002d62140, 0x0000000002d62518]

GC Heap History (10 events):
Event: 0.099 GC heap before
{Heap before GC invocations=1 (full 0):
 PSYoungGen      total 35328K, used 30674K [0x00000000d8d00000, 0x00000000db400000, 0x0000000100000000)
  eden space 30720K, 99% used [0x00000000d8d00000,0x00000000daaf4aa0,0x00000000dab00000)
  from space 4608K, 0% used [0x00000000daf80000,0x00000000daf80000,0x00000000db400000)
  to   space 4608K, 0% used [0x00000000dab00000,0x00000000dab00000,0x00000000daf80000)
 ParOldGen       total 80896K, used 0K [0x000000008a600000, 0x000000008f500000, 0x00000000d8d00000)
  object space 80896K, 0% used [0x000000008a600000,0x000000008a600000,0x000000008f500000)
 Metaspace       used 3306K, capacity 4490K, committed 4864K, reserved 1056768K
  class space    used 384K, capacity 386K, committed 512K, reserved 1048576K
Event: 0.100 GC heap after
Heap after GC invocations=1 (full 0):
 PSYoungGen      total 35328K, used 734K [0x00000000d8d00000, 0x00000000db400000, 0x0000000100000000)
  eden space 30720K, 0% used [0x00000000d8d00000,0x00000000d8d00000,0x00000000dab00000)
  from space 4608K, 15% used [0x00000000dab00000,0x00000000dabb79b8,0x00000000daf80000)
  to   space 4608K, 0% used [0x00000000daf80000,0x00000000daf80000,0x00000000db400000)
 ParOldGen       total 80896K, used 8K [0x000000008a600000, 0x000000008f500000, 0x00000000d8d00000)
  object space 80896K, 0% used [0x000000008a600000,0x000000008a602000,0x000000008f500000)
 Metaspace       used 3306K, capacity 4490K, committed 4864K, reserved 1056768K
  class space    used 384K, capacity 386K, committed 512K, reserved 1048576K
}
Event: 0.405 GC heap before
{Heap before GC invocations=2 (full 0):
 PSYoungGen      total 35328K, used 31454K [0x00000000d8d00000, 0x00000000db400000, 0x0000000100000000)
  eden space 30720K, 100% used [0x00000000d8d00000,0x00000000dab00000,0x00000000dab00000)
  from space 4608K, 15% used [0x00000000dab00000,0x00000000dabb79b8,0x00000000daf80000)
  to   space 4608K, 0% used [0x00000000daf80000,0x00000000daf80000,0x00000000db400000)
 ParOldGen       total 80896K, used 8K [0x000000008a600000, 0x000000008f500000, 0x00000000d8d00000)
  object space 80896K, 0% used [0x000000008a600000,0x000000008a602000,0x000000008f500000)
 Metaspace       used 9960K, capacity 10112K, committed 10368K, reserved 1058816K
  class space    used 1260K, capacity 1311K, committed 1408K, reserved 1048576K
Event: 0.409 GC heap after
Heap after GC invocations=2 (full 0):
 PSYoungGen      total 35328K, used 4597K [0x00000000d8d00000, 0x00000000db400000, 0x0000000100000000)
  eden space 30720K, 0% used [0x00000000d8d00000,0x00000000d8d00000,0x00000000dab00000)
  from space 4608K, 99% used [0x00000000daf80000,0x00000000db3fd490,0x00000000db400000)
  to   space 4608K, 0% used [0x00000000dab00000,0x00000000dab00000,0x00000000daf80000)
 ParOldGen       total 80896K, used 977K [0x000000008a600000, 0x000000008f500000, 0x00000000d8d00000)
  object space 80896K, 1% used [0x000000008a600000,0x000000008a6f4608,0x000000008f500000)
 Metaspace       used 9960K, capacity 10112K, committed 10368K, reserved 1058816K
  class space    used 1260K, capacity 1311K, committed 1408K, reserved 1048576K
}
Event: 0.909 GC heap before
{Heap before GC invocations=3 (full 0):
 PSYoungGen      total 35328K, used 35317K [0x00000000d8d00000, 0x00000000db400000, 0x0000000100000000)
  eden space 30720K, 100% used [0x00000000d8d00000,0x00000000dab00000,0x00000000dab00000)
  from space 4608K, 99% used [0x00000000daf80000,0x00000000db3fd490,0x00000000db400000)
  to   space 4608K, 0% used [0x00000000dab00000,0x00000000dab00000,0x00000000daf80000)
 ParOldGen       total 80896K, used 977K [0x000000008a600000, 0x000000008f500000, 0x00000000d8d00000)
  object space 80896K, 1% used [0x000000008a600000,0x000000008a6f4608,0x000000008f500000)
 Metaspace       used 19860K, capacity 20190K, committed 20480K, reserved 1067008K
  class space    used 2646K, capacity 2756K, committed 2816K, reserved 1048576K
Event: 0.917 GC heap after
Heap after GC invocations=3 (full 0):
 PSYoungGen      total 35328K, used 4587K [0x00000000d8d00000, 0x00000000dd200000, 0x0000000100000000)
  eden space 30720K, 0% used [0x00000000d8d00000,0x00000000d8d00000,0x00000000dab00000)
  from space 4608K, 99% used [0x00000000dab00000,0x00000000daf7ac58,0x00000000daf80000)
  to   space 4608K, 0% used [0x00000000dcd80000,0x00000000dcd80000,0x00000000dd200000)
 ParOldGen       total 80896K, used 5309K [0x000000008a600000, 0x000000008f500000, 0x00000000d8d00000)
  object space 80896K, 6% used [0x000000008a600000,0x000000008ab2f5e0,0x000000008f500000)
 Metaspace       used 19860K, capacity 20190K, committed 20480K, reserved 1067008K
  class space    used 2646K, capacity 2756K, committed 2816K, reserved 1048576K
}
Event: 1.098 GC heap before
{Heap before GC invocations=4 (full 0):
 PSYoungGen      total 35328K, used 11405K [0x00000000d8d00000, 0x00000000dd200000, 0x0000000100000000)
  eden space 30720K, 22% used [0x00000000d8d00000,0x00000000d93a8980,0x00000000dab00000)
  from space 4608K, 99% used [0x00000000dab00000,0x00000000daf7ac58,0x00000000daf80000)
  to   space 4608K, 0% used [0x00000000dcd80000,0x00000000dcd80000,0x00000000dd200000)
 ParOldGen       total 80896K, used 5309K [0x000000008a600000, 0x000000008f500000, 0x00000000d8d00000)
  object space 80896K, 6% used [0x000000008a600000,0x000000008ab2f5e0,0x000000008f500000)
 Metaspace       used 20807K, capacity 21144K, committed 21296K, reserved 1067008K
  class space    used 2744K, capacity 2897K, committed 2944K, reserved 1048576K
Event: 1.102 GC heap after
Heap after GC invocations=4 (full 0):
 PSYoungGen      total 66048K, used 4603K [0x00000000d8d00000, 0x00000000dd200000, 0x0000000100000000)
  eden space 61440K, 0% used [0x00000000d8d00000,0x00000000d8d00000,0x00000000dc900000)
  from space 4608K, 99% used [0x00000000dcd80000,0x00000000dd1fec68,0x00000000dd200000)
  to   space 4608K, 0% used [0x00000000dc900000,0x00000000dc900000,0x00000000dcd80000)
 ParOldGen       total 80896K, used 6311K [0x000000008a600000, 0x000000008f500000, 0x00000000d8d00000)
  object space 80896K, 7% used [0x000000008a600000,0x000000008ac29de8,0x000000008f500000)
 Metaspace       used 20807K, capacity 21144K, committed 21296K, reserved 1067008K
  class space    used 2744K, capacity 2897K, committed 2944K, reserved 1048576K
}
Event: 1.102 GC heap before
{Heap before GC invocations=5 (full 1):
 PSYoungGen      total 66048K, used 4603K [0x00000000d8d00000, 0x00000000dd200000, 0x0000000100000000)
  eden space 61440K, 0% used [0x00000000d8d00000,0x00000000d8d00000,0x00000000dc900000)
  from space 4608K, 99% used [0x00000000dcd80000,0x00000000dd1fec68,0x00000000dd200000)
  to   space 4608K, 0% used [0x00000000dc900000,0x00000000dc900000,0x00000000dcd80000)
 ParOldGen       total 80896K, used 6311K [0x000000008a600000, 0x000000008f500000, 0x00000000d8d00000)
  object space 80896K, 7% used [0x000000008a600000,0x000000008ac29de8,0x000000008f500000)
 Metaspace       used 20807K, capacity 21144K, committed 21296K, reserved 1067008K
  class space    used 2744K, capacity 2897K, committed 2944K, reserved 1048576K
Event: 1.120 GC heap after
Heap after GC invocations=5 (full 1):
 PSYoungGen      total 66048K, used 0K [0x00000000d8d00000, 0x00000000dd200000, 0x0000000100000000)
  eden space 61440K, 0% used [0x00000000d8d00000,0x00000000d8d00000,0x00000000dc900000)
  from space 4608K, 0% used [0x00000000dcd80000,0x00000000dcd80000,0x00000000dd200000)
  to   space 4608K, 0% used [0x00000000dc900000,0x00000000dc900000,0x00000000dcd80000)
 ParOldGen       total 57856K, used 6192K [0x000000008a600000, 0x000000008de80000, 0x00000000d8d00000)
  object space 57856K, 10% used [0x000000008a600000,0x000000008ac0c3e8,0x000000008de80000)
 Metaspace       used 20807K, capacity 21144K, committed 21296K, reserved 1067008K
  class space    used 2744K, capacity 2897K, committed 2944K, reserved 1048576K
}

Deoptimization events (10 events):
Event: 0.845 Thread 0x00000000026a2800 Uncommon trap: reason=predicate action=maybe_recompile pc=0x0000000002a34208 method=sun.net.www.ParseUtil.encodePath(Ljava/lang/String;Z)Ljava/lang/String; @ 36
Event: 0.862 Thread 0x00000000026a2800 Uncommon trap: reason=unstable_if action=reinterpret pc=0x0000000002b0b154 method=sun.misc.ASCIICaseInsensitiveComparator.compare(Ljava/lang/String;Ljava/lang/String;)I @ 83
Event: 0.877 Thread 0x00000000026a2800 Uncommon trap: reason=unstable_if action=reinterpret pc=0x0000000002b451dc method=java.util.Properties$LineReader.readLine()I @ 174
Event: 0.878 Thread 0x00000000026a2800 Uncommon trap: reason=unstable_if action=reinterpret pc=0x0000000002b272e0 method=java.util.Properties$LineReader.readLine()I @ 174
Event: 0.878 Thread 0x00000000026a2800 Uncommon trap: reason=unstable_if action=reinterpret pc=0x0000000002b2dbc0 method=java.util.Properties.loadConvert([CII[C)Ljava/lang/String; @ 4
Event: 0.886 Thread 0x00000000026a2800 Uncommon trap: reason=unstable_if action=reinterpret pc=0x0000000002aa14b0 method=java.util.HashMap.putVal(ILjava/lang/Object;Ljava/lang/Object;ZZ)Ljava/lang/Object; @ 236
Event: 0.892 Thread 0x00000000026a2800 Uncommon trap: reason=unstable_if action=reinterpret pc=0x0000000002a850bc method=java.lang.CharacterDataLatin1.isWhitespace(I)Z @ 14
Event: 0.927 Thread 0x00000000026a2800 Uncommon trap: reason=unstable_if action=reinterpret pc=0x0000000002af2df0 method=java.lang.String.regionMatches(ZILjava/lang/String;II)Z @ 123
Event: 0.927 Thread 0x00000000026a2800 Uncommon trap: reason=unstable_if action=reinterpret pc=0x0000000002b0847c method=java.lang.String.regionMatches(ZILjava/lang/String;II)Z @ 123
Event: 1.518 Thread 0x00000000026a2800 Uncommon trap: reason=unstable_if action=reinterpret pc=0x0000000002c8ad14 method=java.util.HashMap$HashIterator.<init>(Ljava/util/HashMap;)V @ 45

Classes redefined (0 events):
No events

Internal exceptions (10 events):
Event: 0.377 Thread 0x00000000026a2800 Exception <a 'java/lang/ClassNotFoundException': com/sun/org/glassfish/hk2/osgiresourcelocator/ServiceLoader> (0x00000000da7db550) thrown at [C:\re\workspace\8-2-build-windows-amd64-cygwin\jdk8u201\12322\hotspot\src\share\vm\classfile\systemDictionary.cpp
Event: 0.400 Thread 0x00000000026a2800 Exception <a 'java/lang/NullPointerException'> (0x00000000daa62c40) thrown at [C:\re\workspace\8-2-build-windows-amd64-cygwin\jdk8u201\12322\hotspot\src\share\vm\interpreter\linkResolver.cpp, line 1287]
Event: 0.444 Thread 0x00000000026a2800 Exception <a 'java/lang/ArrayIndexOutOfBoundsException': 18> (0x00000000d9101910) thrown at [C:\re\workspace\8-2-build-windows-amd64-cygwin\jdk8u201\12322\hotspot\src\share\vm\interpreter\interpreterRuntime.cpp, line 368]
Event: 0.444 Thread 0x00000000026a2800 Exception <a 'java/lang/ArrayIndexOutOfBoundsException': 67> (0x00000000d9102be8) thrown at [C:\re\workspace\8-2-build-windows-amd64-cygwin\jdk8u201\12322\hotspot\src\share\vm\interpreter\interpreterRuntime.cpp, line 368]
Event: 0.445 Thread 0x00000000026a2800 Exception <a 'java/lang/ArrayIndexOutOfBoundsException': 65> (0x00000000d9104438) thrown at [C:\re\workspace\8-2-build-windows-amd64-cygwin\jdk8u201\12322\hotspot\src\share\vm\interpreter\interpreterRuntime.cpp, line 368]
Event: 0.487 Thread 0x00000000026a2800 Implicit null exception at 0x00000000029dd256 to 0x00000000029dd5e9
Event: 0.771 Thread 0x00000000026a2800 Implicit null exception at 0x00000000029b27d6 to 0x00000000029b2b65
Event: 1.333 Thread 0x00000000026a2800 Exception <a 'java/lang/NoSuchMethodError': java.lang.Object.lambda$comparing$77a9974f$1(Ljava/util/function/Function;Ljava/lang/Object;Ljava/lang/Object;)I> (0x00000000da2654a8) thrown at [C:\re\workspace\8-2-build-windows-amd64-cygwin\jdk8u201\12322\hot
Event: 1.562 Thread 0x00000000026a2800 Exception <a 'java/lang/ClassNotFoundException': java/lang/Module> (0x00000000db5f1738) thrown at [C:\re\workspace\8-2-build-windows-amd64-cygwin\jdk8u201\12322\hotspot\src\share\vm\classfile\systemDictionary.cpp, line 210]
Event: 1.586 Thread 0x00000000026a2800 Exception <a 'java/lang/NoSuchMethodError': java.lang.Object.lambda$static$0(Lorg/hibernate/loader/plan/spi/LoadPlan;Lorg/hibernate/loader/plan/exec/spi/AliasResolutionContext;Lorg/hibernate/loader/plan/exec/process/spi/ReaderCollector;ZZ)Lorg/hibernate/l

Events (10 events):
Event: 1.605 loading class org/hibernate/sql/InFragment
Event: 1.605 loading class org/hibernate/sql/InFragment done
Event: 1.605 loading class org/hibernate/internal/DynamicFilterAliasGenerator
Event: 1.605 loading class org/hibernate/internal/DynamicFilterAliasGenerator done
Event: 1.605 loading class org/hibernate/sql/JoinType
Event: 1.605 loading class org/hibernate/sql/JoinType done
Event: 1.606 loading class org/hibernate/loader/plan/exec/internal/LoadQueryJoinAndFetchProcessor$FetchStatsImpl
Event: 1.606 loading class org/hibernate/loader/plan/exec/internal/LoadQueryJoinAndFetchProcessor$FetchStatsImpl done
Event: 1.606 loading class org/hibernate/loader/plan/build/spi/LoadPlanTreePrinter
Event: 1.606 loading class org/hibernate/loader/plan/build/spi/LoadPlanTreePrinter done


Dynamic libraries:
0x00007ff658840000 - 0x00007ff658877000 	C:\Program Files\Java\jre1.8.0_201\bin\javaw.exe
0x00007ff937ab0000 - 0x00007ff937cc7000 	C:\WINDOWS\SYSTEM32\ntdll.dll
0x00007ff9363d0000 - 0x00007ff936494000 	C:\WINDOWS\System32\KERNEL32.DLL
0x00007ff9350d0000 - 0x00007ff935476000 	C:\WINDOWS\System32\KERNELBASE.dll
0x00007ff936660000 - 0x00007ff936711000 	C:\WINDOWS\System32\ADVAPI32.dll
0x00007ff936270000 - 0x00007ff936317000 	C:\WINDOWS\System32\msvcrt.dll
0x00007ff936320000 - 0x00007ff9363c5000 	C:\WINDOWS\System32\sechost.dll
0x00007ff9364a0000 - 0x00007ff9365b7000 	C:\WINDOWS\System32\RPCRT4.dll
0x00007ff9377d0000 - 0x00007ff93797e000 	C:\WINDOWS\System32\USER32.dll
0x00007ff9350a0000 - 0x00007ff9350c6000 	C:\WINDOWS\System32\win32u.dll
0x00007ff937a40000 - 0x00007ff937a69000 	C:\WINDOWS\System32\GDI32.dll
0x00007ff9355f0000 - 0x00007ff935708000 	C:\WINDOWS\System32\gdi32full.dll
0x00007ff935000000 - 0x00007ff93509a000 	C:\WINDOWS\System32\msvcp_win.dll
0x00007ff934e20000 - 0x00007ff934f31000 	C:\WINDOWS\System32\ucrtbase.dll
0x00007ff9158f0000 - 0x00007ff915b83000 	C:\WINDOWS\WinSxS\amd64_microsoft.windows.common-controls_6595b64144ccf1df_6.0.22621.2506_none_270c5ae97388e100\COMCTL32.dll
0x00007ff936ae0000 - 0x00007ff936b11000 	C:\WINDOWS\System32\IMM32.DLL
0x0000000077f20000 - 0x0000000077ff1000 	C:\Program Files\Java\jre1.8.0_201\bin\msvcr100.dll
0x00000000763d0000 - 0x0000000076c74000 	C:\Program Files\Java\jre1.8.0_201\bin\server\jvm.dll
0x00007ff9377c0000 - 0x00007ff9377c8000 	C:\WINDOWS\System32\PSAPI.DLL
0x00007ff92dcb0000 - 0x00007ff92dce4000 	C:\WINDOWS\SYSTEM32\WINMM.dll
0x00007ff9307c0000 - 0x00007ff9307c9000 	C:\WINDOWS\SYSTEM32\WSOCK32.dll
0x00007ff936960000 - 0x00007ff9369d1000 	C:\WINDOWS\System32\WS2_32.dll
0x00007ff92d750000 - 0x00007ff92d75a000 	C:\WINDOWS\SYSTEM32\VERSION.dll
0x00007ff9307a0000 - 0x00007ff9307af000 	C:\Program Files\Java\jre1.8.0_201\bin\verify.dll
0x00007ff926c50000 - 0x00007ff926c79000 	C:\Program Files\Java\jre1.8.0_201\bin\java.dll
0x00007ff92f0a0000 - 0x00007ff92f0b6000 	C:\Program Files\Java\jre1.8.0_201\bin\zip.dll
0x00007ff936f60000 - 0x00007ff9377ba000 	C:\WINDOWS\System32\SHELL32.dll
0x00007ff932d40000 - 0x00007ff933636000 	C:\WINDOWS\SYSTEM32\windows.storage.dll
0x00007ff936bd0000 - 0x00007ff936f59000 	C:\WINDOWS\System32\combase.dll
0x00007ff932c00000 - 0x00007ff932d3e000 	C:\WINDOWS\SYSTEM32\wintypes.dll
0x00007ff9369e0000 - 0x00007ff936ad3000 	C:\WINDOWS\System32\SHCORE.dll
0x00007ff9379e0000 - 0x00007ff937a3e000 	C:\WINDOWS\System32\shlwapi.dll
0x00007ff934d50000 - 0x00007ff934d76000 	C:\WINDOWS\SYSTEM32\profapi.dll
0x00007ff934500000 - 0x00007ff93451b000 	C:\WINDOWS\SYSTEM32\CRYPTSP.dll
0x00007ff933d80000 - 0x00007ff933db5000 	C:\WINDOWS\system32\rsaenh.dll
0x00007ff934390000 - 0x00007ff9343bc000 	C:\WINDOWS\SYSTEM32\USERENV.dll
0x00007ff9346c0000 - 0x00007ff9346e8000 	C:\WINDOWS\SYSTEM32\bcrypt.dll
0x00007ff935780000 - 0x00007ff9357fa000 	C:\WINDOWS\System32\bcryptprimitives.dll
0x00007ff9344f0000 - 0x00007ff9344fc000 	C:\WINDOWS\SYSTEM32\CRYPTBASE.dll
0x00007ff926c30000 - 0x00007ff926c4a000 	C:\Program Files\Java\jre1.8.0_201\bin\net.dll
0x00007ff914340000 - 0x00007ff914530000 	C:\WINDOWS\SYSTEM32\urlmon.dll
0x00007ff916ce0000 - 0x00007ff916f9c000 	C:\WINDOWS\SYSTEM32\iertutil.dll
0x00007ff933860000 - 0x00007ff93386c000 	C:\WINDOWS\SYSTEM32\netutils.dll
0x00007ff919910000 - 0x00007ff919938000 	C:\WINDOWS\SYSTEM32\srvcli.dll
0x00007ff9342a0000 - 0x00007ff934309000 	C:\WINDOWS\system32\mswsock.dll
0x00007ff9338e0000 - 0x00007ff93390d000 	C:\WINDOWS\SYSTEM32\IPHLPAPI.DLL
0x00007ff935b90000 - 0x00007ff935b99000 	C:\WINDOWS\System32\NSI.dll
0x00007ff92f650000 - 0x00007ff92f669000 	C:\WINDOWS\SYSTEM32\dhcpcsvc6.DLL
0x00007ff92f350000 - 0x00007ff92f36f000 	C:\WINDOWS\SYSTEM32\dhcpcsvc.DLL
0x00007ff933910000 - 0x00007ff933a09000 	C:\WINDOWS\SYSTEM32\DNSAPI.dll
0x00007ff926c10000 - 0x00007ff926c21000 	C:\Program Files\Java\jre1.8.0_201\bin\nio.dll
0x00007ff92f640000 - 0x00007ff92f64a000 	C:\Windows\System32\rasadhlp.dll
0x00007ff92da80000 - 0x00007ff92db03000 	C:\WINDOWS\System32\fwpuclnt.dll
0x00007ff923790000 - 0x00007ff9237b4000 	C:\Program Files\Java\jre1.8.0_201\bin\sunec.dll
0x00007ff92f4f0000 - 0x00007ff92f4fb000 	C:\Program Files\Java\jre1.8.0_201\bin\sunmscapi.dll
0x00007ff935480000 - 0x00007ff9355e6000 	C:\WINDOWS\System32\CRYPT32.dll

VM Arguments:
jvm_args: -Dfile.encoding=Cp1252 
java_command: org.jspiders.worker.ctrl.workerCtrl
java_class_path (initial): C:\Users\Harry\OneDrive\Desktop\Hibern\Worker\target\classes;C:\Users\Harry\.m2\repository\mysql\mysql-connector-java\8.0.28\mysql-connector-java-8.0.28.jar;C:\Users\Harry\.m2\repository\com\google\protobuf\protobuf-java\3.11.4\protobuf-java-3.11.4.jar;C:\Users\Harry\.m2\repository\org\hibernate\hibernate-core\5.6.15.Final\hibernate-core-5.6.15.Final.jar;C:\Users\Harry\.m2\repository\org\jboss\logging\jboss-logging\3.4.3.Final\jboss-logging-3.4.3.Final.jar;C:\Users\Harry\.m2\repository\javax\persistence\javax.persistence-api\2.2\javax.persistence-api-2.2.jar;C:\Users\Harry\.m2\repository\net\bytebuddy\byte-buddy\1.12.18\byte-buddy-1.12.18.jar;C:\Users\Harry\.m2\repository\antlr\antlr\2.7.7\antlr-2.7.7.jar;C:\Users\Harry\.m2\repository\org\jboss\spec\javax\transaction\jboss-transaction-api_1.2_spec\1.1.1.Final\jboss-transaction-api_1.2_spec-1.1.1.Final.jar;C:\Users\Harry\.m2\repository\org\jboss\jandex\2.4.2.Final\jandex-2.4.2.Final.jar;C:\Users\Harry\.m2\repository\com\fasterxml\classmate\1.5.1\classmate-1.5.1.jar;C:\Users\Harry\.m2\repository\javax\activation\javax.activation-api\1.2.0\javax.activation-api-1.2.0.jar;C:\Users\Harry\.m2\repository\org\hibernate\common\hibernate-commons-annotations\5.1.2.Final\hibernate-commons-annotations-5.1.2.Final.jar;C:\Users\Harry\.m2\repository\javax\xml\bind\jaxb-api\2.3.1\jaxb-api-2.3.1.jar;C:\Users\Harry\.m2\repository\org\glassfish\jaxb\jaxb-runtime\2.3.1\jaxb-runtime-2.3.1.jar;C:\Users\Harry\.m2\repository\org\glassfish\jaxb\txw2\2.3.1\txw2-2.3.1.jar;C:\Users\Harry\.m2\repository\com\sun\istack\istack-commons-runtime\3.0.7\istack-commons-runtime-3.0.7.jar;C:\Users\Harry\.m2\repository\org\jvnet\staxex\stax-ex\1.8\stax-ex-1.8.jar;C:\Users\Harry\.m2\repository\com\sun\xml\fastinfoset\FastInfoset\1.2.15\FastInfoset-1.2.15.jar
Launcher Type: SUN_STANDARD

Environment Variables:
PATH=C:/Program Files/Java/jre1.8.0_201/bin/server;C:/Program Files/Java/jre1.8.0_201/bin;C:/Program Files/Java/jre1.8.0_201/lib/amd64;C:\oracle\product\10.2.0\db_2\bin;C:\oracle\product\10.2.0\db_1\bin;C:\Python311\Scripts\;C:\Python311\;C:\Program Files (x86)\Common Files\Oracle\Java\javapath;C:\WINDOWS\system32;C:\WINDOWS;C:\WINDOWS\System32\Wbem;C:\WINDOWS\System32\WindowsPowerShell\v1.0\;C:\WINDOWS\System32\OpenSSH\;C:\Program Files\nodejs\;C:\ProgramData\chocolatey\bin;C:\Program Files\Java\jdk1.8.0_201\bin;C:\Program Files\dotnet\;C:\Program Files\MySQL\MySQL Shell 8.0\bin\;C:\Users\Harry\AppData\Local\Microsoft\WindowsApps;C:\Users\Harry\AppData\Roaming\npm;C:\Users\Harry\AppData\Local\Programs\Microsoft VS Code\bin;;D:\Study Softwares\ECLIPSE;
USERNAME=Harry
OS=Windows_NT
PROCESSOR_IDENTIFIER=AMD64 Family 25 Model 80 Stepping 0, AuthenticAMD



---------------  S Y S T E M  ---------------

OS: Windows 10.0 , 64 bit Build 22621 (10.0.22621.2506)

CPU:total 12 (initial active 12) (12 cores per cpu, 1 threads per core) family 25 model 80 stepping 0, cmov, cx8, fxsr, mmx, sse, sse2, sse3, ssse3, sse4.1, sse4.2, popcnt, avx, avx2, aes, clmul, erms, mmxext, 3dnowpref, lzcnt, sse4a, tsc, tscinvbit, tscinv, bmi1

Memory: 4k page, physical 7702372k(472524k free), swap 31819620k(5232k free)

vm_info: Java HotSpot(TM) 64-Bit Server VM (25.201-b09) for windows-amd64 JRE (1.8.0_201-b09), built on Dec 15 2018 18:36:39 by "java_re" with MS VC++ 10.0 (VS2010)

time: Sun Dec 10 07:16:31 2023
timezone: India Standard Time
elapsed time: 1 seconds (0d 0h 0m 1s)

